<?xml version="1.0" encoding="UTF-8"?>
<testng-results ignored="0" total="1" passed="1" failed="0" skipped="0">
  <reporter-output>
  </reporter-output>
  <suite started-at="2020-04-14T15:28:20 BST" name="Default suite" finished-at="2020-04-14T15:28:47 BST" duration-ms="26677">
    <groups>
    </groups>
    <test started-at="2020-04-14T15:28:20 BST" name="Default test" finished-at="2020-04-14T15:28:47 BST" duration-ms="26677">
      <class name="Test.Homepage">
        <test-method signature="HomepageTest1()[pri:0, instance:Test.Homepage@402e37bc]" started-at="2020-04-14T15:28:20 BST" name="HomepageTest1" finished-at="2020-04-14T15:28:47 BST" duration-ms="26509" status="PASS">
          <reporter-output>
          </reporter-output>
        </test-method> <!-- HomepageTest1 -->
      </class> <!-- Test.Homepage -->
    </test> <!-- Default test -->
  </suite> <!-- Default suite -->
</testng-results>
